Copyright 1986-2022 Xilinx, Inc. All Rights Reserved.
----------------------------------------------------------------------------------------------------------------------------------------
| Tool Version     : Vivado v.2022.1 (win64) Build 3526262 Mon Apr 18 15:48:16 MDT 2022
| Date             : Sun Nov  2 09:46:03 2025
| Host             : CSE-P07-2168-58 running 64-bit major release  (build 9200)
| Command          : report_power -file TopMod_power_routed.rpt -pb TopMod_power_summary_routed.pb -rpx TopMod_power_routed.rpx
| Design           : TopMod
| Device           : xc7a100tcsg324-1
| Design State     : routed
| Grade            : commercial
| Process          : typical
| Characterization : Production
----------------------------------------------------------------------------------------------------------------------------------------

Power Report

Table of Contents
-----------------
1. Summary
1.1 On-Chip Components
1.2 Power Supply Summary
1.3 Confidence Level
2. Settings
2.1 Environment
2.2 Clock Constraints
3. Detailed Reports
3.1 By Hierarchy

1. Summary
----------

+--------------------------+----------------------------------+
| Total On-Chip Power (W)  | 40.997 (Junction temp exceeded!) |
| Design Power Budget (W)  | Unspecified*                     |
| Power Budget Margin (W)  | NA                               |
| Dynamic (W)              | 40.201                           |
| Device Static (W)        | 0.797                            |
| Effective TJA (C/W)      | 4.6                              |
| Max Ambient (C)          | 0.0                              |
| Junction Temperature (C) | 125.0                            |
| Confidence Level         | Low                              |
| Setting File             | ---                              |
| Simulation Activity File | ---                              |
| Design Nets Matched      | NA                               |
+--------------------------+----------------------------------+
* Specify Design Power Budget using, set_operating_conditions -design_power_budget <value in Watts>


1.1 On-Chip Components
----------------------

+--------------------------+-----------+----------+-----------+-----------------+
| On-Chip                  | Power (W) | Used     | Available | Utilization (%) |
+--------------------------+-----------+----------+-----------+-----------------+
| Slice Logic              |     7.019 |     1053 |       --- |             --- |
|   LUT as Logic           |     6.589 |      552 |     63400 |            0.87 |
|   LUT as Distributed RAM |     0.138 |       32 |     19000 |            0.17 |
|   CARRY4                 |     0.115 |       20 |     15850 |            0.13 |
|   F7/F8 Muxes            |     0.103 |       64 |     63400 |            0.10 |
|   Register               |     0.062 |      316 |    126800 |            0.25 |
|   BUFG                   |     0.012 |        2 |        32 |            6.25 |
|   Others                 |     0.000 |       10 |       --- |             --- |
| Signals                  |     9.153 |      886 |       --- |             --- |
| I/O                      |    24.029 |       40 |       210 |           19.05 |
| Static Power             |     0.797 |          |           |                 |
| Total                    |    40.997 |          |           |                 |
+--------------------------+-----------+----------+-----------+-----------------+


1.2 Power Supply Summary
------------------------

+-----------+-------------+-----------+-------------+------------+-------------+-------------+------------+
| Source    | Voltage (V) | Total (A) | Dynamic (A) | Static (A) | Powerup (A) | Budget (A)  | Margin (A) |
+-----------+-------------+-----------+-------------+------------+-------------+-------------+------------+
| Vccint    |       1.000 |    16.766 |      16.203 |      0.563 |       NA    | Unspecified | NA         |
| Vccaux    |       1.800 |     0.972 |       0.879 |      0.093 |       NA    | Unspecified | NA         |
| Vcco33    |       3.300 |     6.796 |       6.792 |      0.004 |       NA    | Unspecified | NA         |
| Vcco25    |       2.500 |     0.000 |       0.000 |      0.000 |       NA    | Unspecified | NA         |
| Vcco18    |       1.800 |     0.000 |       0.000 |      0.000 |       NA    | Unspecified | NA         |
| Vcco15    |       1.500 |     0.000 |       0.000 |      0.000 |       NA    | Unspecified | NA         |
| Vcco135   |       1.350 |     0.000 |       0.000 |      0.000 |       NA    | Unspecified | NA         |
| Vcco12    |       1.200 |     0.000 |       0.000 |      0.000 |       NA    | Unspecified | NA         |
| Vccaux_io |       1.800 |     0.000 |       0.000 |      0.000 |       NA    | Unspecified | NA         |
| Vccbram   |       1.000 |     0.018 |       0.000 |      0.018 |       NA    | Unspecified | NA         |
| MGTAVcc   |       1.000 |     0.000 |       0.000 |      0.000 |       NA    | Unspecified | NA         |
| MGTAVtt   |       1.200 |     0.000 |       0.000 |      0.000 |       NA    | Unspecified | NA         |
| Vccadc    |       1.800 |     0.020 |       0.000 |      0.020 |       NA    | Unspecified | NA         |
+-----------+-------------+-----------+-------------+------------+-------------+-------------+------------+


1.3 Confidence Level
--------------------

+-----------------------------+------------+--------------------------------------------------------+--------------------------------------------------------------------------------------------------------------------+
| User Input Data             | Confidence | Details                                                | Action                                                                                                             |
+-----------------------------+------------+--------------------------------------------------------+--------------------------------------------------------------------------------------------------------------------+
| Design implementation state | High       | Design is routed                                       |                                                                                                                    |
| Clock nodes activity        | Low        | User specified less than 75% of clocks                 | Provide missing clock activity with a constraint file, simulation results or by editing the "By Clock Domain" view |
| I/O nodes activity          | Low        | More than 75% of inputs are missing user specification | Provide missing input activity with simulation results or by editing the "By Resource Type -> I/Os" view           |
| Internal nodes activity     | Medium     | User specified less than 25% of internal nodes         | Provide missing internal nodes activity with simulation results or by editing the "By Resource Type" views         |
| Device models               | High       | Device models are Production                           |                                                                                                                    |
|                             |            |                                                        |                                                                                                                    |
| Overall confidence level    | Low        |                                                        |                                                                                                                    |
+-----------------------------+------------+--------------------------------------------------------+--------------------------------------------------------------------------------------------------------------------+


2. Settings
-----------

2.1 Environment
---------------

+-----------------------+--------------------------+
| Ambient Temp (C)      | 25.0                     |
| ThetaJA (C/W)         | 4.6                      |
| Airflow (LFM)         | 250                      |
| Heat Sink             | medium (Medium Profile)  |
| ThetaSA (C/W)         | 4.6                      |
| Board Selection       | medium (10"x10")         |
| # of Board Layers     | 12to15 (12 to 15 Layers) |
| Board Temperature (C) | 25.0                     |
+-----------------------+--------------------------+


2.2 Clock Constraints
---------------------

+-------+--------+-----------------+
| Clock | Domain | Constraint (ns) |
+-------+--------+-----------------+


3. Detailed Reports
-------------------

3.1 By Hierarchy
----------------

+--------------------------+-----------+
| Name                     | Power (W) |
+--------------------------+-----------+
| TopMod                   |    40.201 |
|   cpu                    |    15.684 |
|     alucu                |     3.599 |
|       ALUS_reg[2]        |     0.092 |
|     datamemory           |     2.672 |
|       mem_reg_0_63_0_0   |     0.011 |
|       mem_reg_0_63_10_10 |     0.007 |
|       mem_reg_0_63_11_11 |     0.008 |
|       mem_reg_0_63_12_12 |     0.007 |
|       mem_reg_0_63_13_13 |     0.006 |
|       mem_reg_0_63_14_14 |     0.005 |
|       mem_reg_0_63_15_15 |     0.005 |
|       mem_reg_0_63_16_16 |     0.007 |
|       mem_reg_0_63_17_17 |     0.007 |
|       mem_reg_0_63_18_18 |     0.004 |
|       mem_reg_0_63_19_19 |     0.006 |
|       mem_reg_0_63_1_1   |     0.010 |
|       mem_reg_0_63_20_20 |     0.005 |
|       mem_reg_0_63_21_21 |     0.008 |
|       mem_reg_0_63_22_22 |     0.007 |
|       mem_reg_0_63_23_23 |     0.005 |
|       mem_reg_0_63_24_24 |     0.006 |
|       mem_reg_0_63_25_25 |     0.006 |
|       mem_reg_0_63_26_26 |     0.006 |
|       mem_reg_0_63_27_27 |     0.007 |
|       mem_reg_0_63_28_28 |     0.007 |
|       mem_reg_0_63_29_29 |     0.006 |
|       mem_reg_0_63_2_2   |     0.008 |
|       mem_reg_0_63_30_30 |     0.006 |
|       mem_reg_0_63_31_31 |     0.005 |
|       mem_reg_0_63_3_3   |     0.009 |
|       mem_reg_0_63_4_4   |     0.007 |
|       mem_reg_0_63_5_5   |     0.007 |
|       mem_reg_0_63_6_6   |     0.009 |
|       mem_reg_0_63_7_7   |     0.006 |
|       mem_reg_0_63_8_8   |     0.006 |
|       mem_reg_0_63_9_9   |     0.006 |
|     rf                   |     6.620 |
+--------------------------+-----------+


